CRITICAL - 2024-02-01 01:42:49 --> ErrorException: fopen(/opt/lampp/htdocs/reportes/public/nuevo-excel.xlsx): Failed to open stream: Permiso denegado
in VENDORPATH/phpoffice/phpspreadsheet/src/PhpSpreadsheet/Writer/BaseWriter.php on line 117.
 1 [internal function]: CodeIgniter\Debug\Exceptions->errorHandler(2, 'fopen(/opt/lampp/htdocs/reportes/public/nuevo-excel.xlsx): Failed to open stream: Permiso denegado', '/opt/lampp/htdocs/reportes/vendor/phpoffice/phpspreadsheet/src/PhpSpreadsheet/Writer/BaseWriter.php', 117)
 2 VENDORPATH/phpoffice/phpspreadsheet/src/PhpSpreadsheet/Writer/BaseWriter.php(117): fopen('/opt/lampp/htdocs/reportes/public/nuevo-excel.xlsx', 'wb')
 3 VENDORPATH/phpoffice/phpspreadsheet/src/PhpSpreadsheet/Writer/Xlsx.php(501): PhpOffice\PhpSpreadsheet\Writer\BaseWriter->openFileHandle('/opt/lampp/htdocs/reportes/public/nuevo-excel.xlsx')
 4 APPPATH/Controllers/Example.php(22): PhpOffice\PhpSpreadsheet\Writer\Xlsx->save('/opt/lampp/htdocs/reportes/public/nuevo-excel.xlsx')
 5 SYSTEMPATH/CodeIgniter.php(941): App\Controllers\Example->index()
 6 SYSTEMPATH/CodeIgniter.php(502): CodeIgniter\CodeIgniter->runController(Object(App\Controllers\Example))
 7 SYSTEMPATH/CodeIgniter.php(361): CodeIgniter\CodeIgniter->handleRequest(null, Object(Config\Cache), false)
 8 FCPATH/index.php(79): CodeIgniter\CodeIgniter->run()
CRITICAL - 2024-02-01 01:43:45 --> ErrorException: fopen(/opt/lampp/htdocs/reportes/nuevo-excel.xlsx): Failed to open stream: Permiso denegado
in VENDORPATH/phpoffice/phpspreadsheet/src/PhpSpreadsheet/Writer/BaseWriter.php on line 117.
 1 [internal function]: CodeIgniter\Debug\Exceptions->errorHandler(2, 'fopen(/opt/lampp/htdocs/reportes/nuevo-excel.xlsx): Failed to open stream: Permiso denegado', '/opt/lampp/htdocs/reportes/vendor/phpoffice/phpspreadsheet/src/PhpSpreadsheet/Writer/BaseWriter.php', 117)
 2 VENDORPATH/phpoffice/phpspreadsheet/src/PhpSpreadsheet/Writer/BaseWriter.php(117): fopen('/opt/lampp/htdocs/reportes/nuevo-excel.xlsx', 'wb')
 3 VENDORPATH/phpoffice/phpspreadsheet/src/PhpSpreadsheet/Writer/Xlsx.php(501): PhpOffice\PhpSpreadsheet\Writer\BaseWriter->openFileHandle('/opt/lampp/htdocs/reportes/nuevo-excel.xlsx')
 4 APPPATH/Controllers/Example.php(22): PhpOffice\PhpSpreadsheet\Writer\Xlsx->save('/opt/lampp/htdocs/reportes/nuevo-excel.xlsx')
 5 SYSTEMPATH/CodeIgniter.php(941): App\Controllers\Example->index()
 6 SYSTEMPATH/CodeIgniter.php(502): CodeIgniter\CodeIgniter->runController(Object(App\Controllers\Example))
 7 SYSTEMPATH/CodeIgniter.php(361): CodeIgniter\CodeIgniter->handleRequest(null, Object(Config\Cache), false)
 8 FCPATH/index.php(79): CodeIgniter\CodeIgniter->run()
CRITICAL - 2024-02-01 01:44:25 --> ErrorException: fopen(/opt/lampp/htdocs/reportes/writablenuevo-excel.xlsx): Failed to open stream: Permiso denegado
in VENDORPATH/phpoffice/phpspreadsheet/src/PhpSpreadsheet/Writer/BaseWriter.php on line 117.
 1 [internal function]: CodeIgniter\Debug\Exceptions->errorHandler(2, 'fopen(/opt/lampp/htdocs/reportes/writablenuevo-excel.xlsx): Failed to open stream: Permiso denegado', '/opt/lampp/htdocs/reportes/vendor/phpoffice/phpspreadsheet/src/PhpSpreadsheet/Writer/BaseWriter.php', 117)
 2 VENDORPATH/phpoffice/phpspreadsheet/src/PhpSpreadsheet/Writer/BaseWriter.php(117): fopen('/opt/lampp/htdocs/reportes/writablenuevo-excel.xlsx', 'wb')
 3 VENDORPATH/phpoffice/phpspreadsheet/src/PhpSpreadsheet/Writer/Xlsx.php(501): PhpOffice\PhpSpreadsheet\Writer\BaseWriter->openFileHandle('/opt/lampp/htdocs/reportes/writablenuevo-excel.xlsx')
 4 APPPATH/Controllers/Example.php(22): PhpOffice\PhpSpreadsheet\Writer\Xlsx->save('/opt/lampp/htdocs/reportes/writablenuevo-excel.xlsx')
 5 SYSTEMPATH/CodeIgniter.php(941): App\Controllers\Example->index()
 6 SYSTEMPATH/CodeIgniter.php(502): CodeIgniter\CodeIgniter->runController(Object(App\Controllers\Example))
 7 SYSTEMPATH/CodeIgniter.php(361): CodeIgniter\CodeIgniter->handleRequest(null, Object(Config\Cache), false)
 8 FCPATH/index.php(79): CodeIgniter\CodeIgniter->run()
CRITICAL - 2024-02-01 18:11:14 --> PhpOffice\PhpSpreadsheet\Reader\Exception: File "assets/info/plantilla-encuesta-json-vr.xlsx" does not exist.
in VENDORPATH/phpoffice/phpspreadsheet/src/PhpSpreadsheet/Shared/File.php on line 147.
 1 VENDORPATH/phpoffice/phpspreadsheet/src/PhpSpreadsheet/IOFactory.php(133): PhpOffice\PhpSpreadsheet\Shared\File::assertFile('assets/info/plantilla-encuesta-json-vr.xlsx')
 2 VENDORPATH/phpoffice/phpspreadsheet/src/PhpSpreadsheet/IOFactory.php(104): PhpOffice\PhpSpreadsheet\IOFactory::createReaderForFile('assets/info/plantilla-encuesta-json-vr.xlsx', null)
 3 APPPATH/Controllers/ReporteGeneral.php(18): PhpOffice\PhpSpreadsheet\IOFactory::load('assets/info/plantilla-encuesta-json-vr.xlsx')
 4 SYSTEMPATH/CodeIgniter.php(941): App\Controllers\ReporteGeneral->index()
 5 SYSTEMPATH/CodeIgniter.php(502): CodeIgniter\CodeIgniter->runController(Object(App\Controllers\ReporteGeneral))
 6 SYSTEMPATH/CodeIgniter.php(361): CodeIgniter\CodeIgniter->handleRequest(null, Object(Config\Cache), false)
 7 FCPATH/index.php(79): CodeIgniter\CodeIgniter->run()
CRITICAL - 2024-02-01 18:11:37 --> PhpOffice\PhpSpreadsheet\Reader\Exception: File "assets/info/plantilla-encuesta-json-vr.xlsx" does not exist.
in VENDORPATH/phpoffice/phpspreadsheet/src/PhpSpreadsheet/Shared/File.php on line 147.
 1 VENDORPATH/phpoffice/phpspreadsheet/src/PhpSpreadsheet/IOFactory.php(133): PhpOffice\PhpSpreadsheet\Shared\File::assertFile('assets/info/plantilla-encuesta-json-vr.xlsx')
 2 VENDORPATH/phpoffice/phpspreadsheet/src/PhpSpreadsheet/IOFactory.php(104): PhpOffice\PhpSpreadsheet\IOFactory::createReaderForFile('assets/info/plantilla-encuesta-json-vr.xlsx', null)
 3 APPPATH/Controllers/ReporteGeneral.php(18): PhpOffice\PhpSpreadsheet\IOFactory::load('assets/info/plantilla-encuesta-json-vr.xlsx')
 4 SYSTEMPATH/CodeIgniter.php(941): App\Controllers\ReporteGeneral->index()
 5 SYSTEMPATH/CodeIgniter.php(502): CodeIgniter\CodeIgniter->runController(Object(App\Controllers\ReporteGeneral))
 6 SYSTEMPATH/CodeIgniter.php(361): CodeIgniter\CodeIgniter->handleRequest(null, Object(Config\Cache), false)
 7 FCPATH/index.php(79): CodeIgniter\CodeIgniter->run()
CRITICAL - 2024-02-01 18:42:34 --> PhpOffice\PhpSpreadsheet\Reader\Exception: File "assets/info/marcas-precios-db.xlsx" does not exist.
in VENDORPATH/phpoffice/phpspreadsheet/src/PhpSpreadsheet/Shared/File.php on line 147.
 1 VENDORPATH/phpoffice/phpspreadsheet/src/PhpSpreadsheet/Reader/Xlsx.php(390): PhpOffice\PhpSpreadsheet\Shared\File::assertFile('assets/info/marcas-precios-db.xlsx', '_rels/.rels')
 2 VENDORPATH/phpoffice/phpspreadsheet/src/PhpSpreadsheet/Reader/BaseReader.php(172): PhpOffice\PhpSpreadsheet\Reader\Xlsx->loadSpreadsheetFromFile('assets/info/marcas-precios-db.xlsx')
 3 APPPATH/Controllers/ReporteGeneral.php(18): PhpOffice\PhpSpreadsheet\Reader\BaseReader->load('assets/info/marcas-precios-db.xlsx')
 4 SYSTEMPATH/CodeIgniter.php(941): App\Controllers\ReporteGeneral->index()
 5 SYSTEMPATH/CodeIgniter.php(502): CodeIgniter\CodeIgniter->runController(Object(App\Controllers\ReporteGeneral))
 6 SYSTEMPATH/CodeIgniter.php(361): CodeIgniter\CodeIgniter->handleRequest(null, Object(Config\Cache), false)
 7 FCPATH/index.php(79): CodeIgniter\CodeIgniter->run()
CRITICAL - 2024-02-01 18:43:44 --> PhpOffice\PhpSpreadsheet\Reader\Exception: File "/opt/lampp/htdocs/reportes/app/assets/info/marcas-precios-db.xlsx" does not exist.
in VENDORPATH/phpoffice/phpspreadsheet/src/PhpSpreadsheet/Shared/File.php on line 147.
 1 VENDORPATH/phpoffice/phpspreadsheet/src/PhpSpreadsheet/Reader/Xlsx.php(390): PhpOffice\PhpSpreadsheet\Shared\File::assertFile('/opt/lampp/htdocs/reportes/app/assets/info/marcas-precios-db.xlsx', '_rels/.rels')
 2 VENDORPATH/phpoffice/phpspreadsheet/src/PhpSpreadsheet/Reader/BaseReader.php(172): PhpOffice\PhpSpreadsheet\Reader\Xlsx->loadSpreadsheetFromFile('/opt/lampp/htdocs/reportes/app/assets/info/marcas-precios-db.xlsx')
 3 APPPATH/Controllers/ReporteGeneral.php(18): PhpOffice\PhpSpreadsheet\Reader\BaseReader->load('/opt/lampp/htdocs/reportes/app/assets/info/marcas-precios-db.xlsx')
 4 SYSTEMPATH/CodeIgniter.php(941): App\Controllers\ReporteGeneral->index()
 5 SYSTEMPATH/CodeIgniter.php(502): CodeIgniter\CodeIgniter->runController(Object(App\Controllers\ReporteGeneral))
 6 SYSTEMPATH/CodeIgniter.php(361): CodeIgniter\CodeIgniter->handleRequest(null, Object(Config\Cache), false)
 7 FCPATH/index.php(79): CodeIgniter\CodeIgniter->run()
CRITICAL - 2024-02-01 19:02:08 --> ErrorException: Undefined variable $fileName
in APPPATH/Controllers/ReporteGeneral.php on line 20.
 1 APPPATH/Controllers/ReporteGeneral.php(20): CodeIgniter\Debug\Exceptions->errorHandler(2, 'Undefined variable $fileName', '/opt/lampp/htdocs/reportes/app/Controllers/ReporteGeneral.php', 20)
 2 SYSTEMPATH/CodeIgniter.php(941): App\Controllers\ReporteGeneral->index()
 3 SYSTEMPATH/CodeIgniter.php(502): CodeIgniter\CodeIgniter->runController(Object(App\Controllers\ReporteGeneral))
 4 SYSTEMPATH/CodeIgniter.php(361): CodeIgniter\CodeIgniter->handleRequest(null, Object(Config\Cache), false)
 5 FCPATH/index.php(79): CodeIgniter\CodeIgniter->run()
CRITICAL - 2024-02-01 19:02:13 --> ErrorException: Undefined variable $fileName
in APPPATH/Controllers/ReporteGeneral.php on line 20.
 1 APPPATH/Controllers/ReporteGeneral.php(20): CodeIgniter\Debug\Exceptions->errorHandler(2, 'Undefined variable $fileName', '/opt/lampp/htdocs/reportes/app/Controllers/ReporteGeneral.php', 20)
 2 SYSTEMPATH/CodeIgniter.php(941): App\Controllers\ReporteGeneral->index()
 3 SYSTEMPATH/CodeIgniter.php(502): CodeIgniter\CodeIgniter->runController(Object(App\Controllers\ReporteGeneral))
 4 SYSTEMPATH/CodeIgniter.php(361): CodeIgniter\CodeIgniter->handleRequest(null, Object(Config\Cache), false)
 5 FCPATH/index.php(79): CodeIgniter\CodeIgniter->run()
CRITICAL - 2024-02-01 19:02:15 --> ErrorException: Undefined variable $fileName
in APPPATH/Controllers/ReporteGeneral.php on line 20.
 1 APPPATH/Controllers/ReporteGeneral.php(20): CodeIgniter\Debug\Exceptions->errorHandler(2, 'Undefined variable $fileName', '/opt/lampp/htdocs/reportes/app/Controllers/ReporteGeneral.php', 20)
 2 SYSTEMPATH/CodeIgniter.php(941): App\Controllers\ReporteGeneral->index()
 3 SYSTEMPATH/CodeIgniter.php(502): CodeIgniter\CodeIgniter->runController(Object(App\Controllers\ReporteGeneral))
 4 SYSTEMPATH/CodeIgniter.php(361): CodeIgniter\CodeIgniter->handleRequest(null, Object(Config\Cache), false)
 5 FCPATH/index.php(79): CodeIgniter\CodeIgniter->run()
